<?xml version="1.0" encoding="UTF-8"?>
<!-- Generated by org.testng.reporters.JUnitXMLReporter -->
<testsuite ignored="2" hostname="DESKTOP-VTBT3RG" failures="4" tests="4" name="headless" time="4.018" errors="0" timestamp="2022-05-31T14:13:28 IST">
  <testcase classname="TestCase.FacebookLoginloutwithPOM" name="loginwithPageobjectModel" time="0.399">
    <failure type="java.lang.ClassCastException" message="class org.openqa.selenium.htmlunit.HtmlUnitDriver cannot be cast to class org.openqa.selenium.TakesScreenshot (org.openqa.selenium.htmlunit.HtmlUnitDriver and org.openqa.selenium.TakesScreenshot are in unnamed module of loader &amp;apos;app&amp;apos;)">
      <![CDATA[java.lang.ClassCastException: class org.openqa.selenium.htmlunit.HtmlUnitDriver cannot be cast to class org.openqa.selenium.TakesScreenshot (org.openqa.selenium.htmlunit.HtmlUnitDriver and org.openqa.selenium.TakesScreenshot are in unnamed module of loader 'app')
at Commons.CommonFunctions.takescreenshot(CommonFunctions.java:26)
at TestCase.FacebookLoginloutwithPOM.loginwithPageobjectModel(FacebookLoginloutwithPOM.java:45)
at java.base/java.util.ArrayList.forEach(ArrayList.java:1511)
at java.base/java.util.concurrent.FutureTask.run(FutureTask.java:264)
at java.base/java.util.concurrent.ThreadPoolExecutor.runWorker(ThreadPoolExecutor.java:1130)
at java.base/java.util.concurrent.ThreadPoolExecutor$Worker.run(ThreadPoolExecutor.java:630)
at java.base/java.lang.Thread.run(Thread.java:831)
... Removed 17 stack frames]]>
    </failure>
  </testcase> <!-- loginwithPageobjectModel -->
  <testcase classname="TestCase.FacebookLoginloutwithPOM" name="loginwithPageobjectModel" time="0.004">
    <failure type="org.openqa.selenium.NoSuchElementException" message="Unable to locate element
For documentation on this error, please visit: https://selenium.dev/exceptions/#no_such_element
Build info: version: &amp;apos;4.1.4&amp;apos;, revision: &amp;apos;535d840ee2&amp;apos;
System info: host: &amp;apos;DESKTOP-VTBT3RG&amp;apos;, ip: &amp;apos;192.168.0.106&amp;apos;, os.name: &amp;apos;Windows 10&amp;apos;, os.arch: &amp;apos;amd64&amp;apos;, os.version: &amp;apos;10.0&amp;apos;, java.version: &amp;apos;16.0.2&amp;apos;
Driver info: driver.version: HtmlUnitDriver">
      <![CDATA[org.openqa.selenium.NoSuchElementException: Unable to locate element
For documentation on this error, please visit: https://selenium.dev/exceptions/#no_such_element
Build info: version: '4.1.4', revision: '535d840ee2'
System info: host: 'DESKTOP-VTBT3RG', ip: '192.168.0.106', os.name: 'Windows 10', os.arch: 'amd64', os.version: '10.0', java.version: '16.0.2'
Driver info: driver.version: HtmlUnitDriver
at org.openqa.selenium.htmlunit.HtmlUnitElementFinder$HtmlUnitElementLocator.findElement(HtmlUnitElementFinder.java:517)
at org.openqa.selenium.htmlunit.HtmlUnitElementFinder.findElement(HtmlUnitElementFinder.java:67)
at org.openqa.selenium.htmlunit.HtmlUnitDriver.lambda$findElement$8(HtmlUnitDriver.java:640)
at org.openqa.selenium.htmlunit.HtmlUnitDriver.implicitlyWaitFor(HtmlUnitDriver.java:1087)
at org.openqa.selenium.htmlunit.HtmlUnitDriver.findElement(HtmlUnitDriver.java:640)
at org.openqa.selenium.support.pagefactory.DefaultElementLocator.findElement(DefaultElementLocator.java:70)
at org.openqa.selenium.support.pagefactory.internal.LocatingElementHandler.invoke(LocatingElementHandler.java:39)
at jdk.proxy2/jdk.proxy2.$Proxy34.isEnabled(Unknown Source)
at Commons.CommonFunctions.Buttonclick(CommonFunctions.java:47)
at Pages.Facebooklogin.loginbutton(Facebooklogin.java:45)
at TestCase.FacebookLoginloutwithPOM.loginwithPageobjectModel(FacebookLoginloutwithPOM.java:41)
at java.base/java.util.ArrayList.forEach(ArrayList.java:1511)
at java.base/java.util.concurrent.FutureTask.run(FutureTask.java:264)
at java.base/java.util.concurrent.ThreadPoolExecutor.runWorker(ThreadPoolExecutor.java:1130)
at java.base/java.util.concurrent.ThreadPoolExecutor$Worker.run(ThreadPoolExecutor.java:630)
at java.base/java.lang.Thread.run(Thread.java:831)
... Removed 17 stack frames]]>
    </failure>
  </testcase> <!-- loginwithPageobjectModel -->
  <testcase classname="TestCase.FacebookLoginloutwithPOM" name="loginwithPageobjectModel" time="0.003">
    <failure type="org.openqa.selenium.NoSuchElementException" message="Unable to locate element
For documentation on this error, please visit: https://selenium.dev/exceptions/#no_such_element
Build info: version: &amp;apos;4.1.4&amp;apos;, revision: &amp;apos;535d840ee2&amp;apos;
System info: host: &amp;apos;DESKTOP-VTBT3RG&amp;apos;, ip: &amp;apos;192.168.0.106&amp;apos;, os.name: &amp;apos;Windows 10&amp;apos;, os.arch: &amp;apos;amd64&amp;apos;, os.version: &amp;apos;10.0&amp;apos;, java.version: &amp;apos;16.0.2&amp;apos;
Driver info: driver.version: HtmlUnitDriver">
      <![CDATA[org.openqa.selenium.NoSuchElementException: Unable to locate element
For documentation on this error, please visit: https://selenium.dev/exceptions/#no_such_element
Build info: version: '4.1.4', revision: '535d840ee2'
System info: host: 'DESKTOP-VTBT3RG', ip: '192.168.0.106', os.name: 'Windows 10', os.arch: 'amd64', os.version: '10.0', java.version: '16.0.2'
Driver info: driver.version: HtmlUnitDriver
at org.openqa.selenium.htmlunit.HtmlUnitElementFinder$HtmlUnitElementLocator.findElement(HtmlUnitElementFinder.java:517)
at org.openqa.selenium.htmlunit.HtmlUnitElementFinder.findElement(HtmlUnitElementFinder.java:67)
at org.openqa.selenium.htmlunit.HtmlUnitDriver.lambda$findElement$8(HtmlUnitDriver.java:640)
at org.openqa.selenium.htmlunit.HtmlUnitDriver.implicitlyWaitFor(HtmlUnitDriver.java:1087)
at org.openqa.selenium.htmlunit.HtmlUnitDriver.findElement(HtmlUnitDriver.java:640)
at org.openqa.selenium.support.pagefactory.DefaultElementLocator.findElement(DefaultElementLocator.java:70)
at org.openqa.selenium.support.pagefactory.internal.LocatingElementHandler.invoke(LocatingElementHandler.java:39)
at jdk.proxy2/jdk.proxy2.$Proxy34.isEnabled(Unknown Source)
at Commons.CommonFunctions.Buttonclick(CommonFunctions.java:47)
at Pages.Facebooklogin.loginbutton(Facebooklogin.java:45)
at TestCase.FacebookLoginloutwithPOM.loginwithPageobjectModel(FacebookLoginloutwithPOM.java:41)
at java.base/java.util.ArrayList.forEach(ArrayList.java:1511)
at java.base/java.util.concurrent.FutureTask.run(FutureTask.java:264)
at java.base/java.util.concurrent.ThreadPoolExecutor.runWorker(ThreadPoolExecutor.java:1130)
at java.base/java.util.concurrent.ThreadPoolExecutor$Worker.run(ThreadPoolExecutor.java:630)
at java.base/java.lang.Thread.run(Thread.java:831)
... Removed 17 stack frames]]>
    </failure>
  </testcase> <!-- loginwithPageobjectModel -->
  <testcase classname="TestCase.FacebookLoginloutwithPOM" name="loginwithPageobjectModel" time="0.002">
    <failure type="org.openqa.selenium.NoSuchElementException" message="Unable to locate element
For documentation on this error, please visit: https://selenium.dev/exceptions/#no_such_element
Build info: version: &amp;apos;4.1.4&amp;apos;, revision: &amp;apos;535d840ee2&amp;apos;
System info: host: &amp;apos;DESKTOP-VTBT3RG&amp;apos;, ip: &amp;apos;192.168.0.106&amp;apos;, os.name: &amp;apos;Windows 10&amp;apos;, os.arch: &amp;apos;amd64&amp;apos;, os.version: &amp;apos;10.0&amp;apos;, java.version: &amp;apos;16.0.2&amp;apos;
Driver info: driver.version: HtmlUnitDriver">
      <![CDATA[org.openqa.selenium.NoSuchElementException: Unable to locate element
For documentation on this error, please visit: https://selenium.dev/exceptions/#no_such_element
Build info: version: '4.1.4', revision: '535d840ee2'
System info: host: 'DESKTOP-VTBT3RG', ip: '192.168.0.106', os.name: 'Windows 10', os.arch: 'amd64', os.version: '10.0', java.version: '16.0.2'
Driver info: driver.version: HtmlUnitDriver
at org.openqa.selenium.htmlunit.HtmlUnitElementFinder$HtmlUnitElementLocator.findElement(HtmlUnitElementFinder.java:517)
at org.openqa.selenium.htmlunit.HtmlUnitElementFinder.findElement(HtmlUnitElementFinder.java:67)
at org.openqa.selenium.htmlunit.HtmlUnitDriver.lambda$findElement$8(HtmlUnitDriver.java:640)
at org.openqa.selenium.htmlunit.HtmlUnitDriver.implicitlyWaitFor(HtmlUnitDriver.java:1087)
at org.openqa.selenium.htmlunit.HtmlUnitDriver.findElement(HtmlUnitDriver.java:640)
at org.openqa.selenium.support.pagefactory.DefaultElementLocator.findElement(DefaultElementLocator.java:70)
at org.openqa.selenium.support.pagefactory.internal.LocatingElementHandler.invoke(LocatingElementHandler.java:39)
at jdk.proxy2/jdk.proxy2.$Proxy34.isEnabled(Unknown Source)
at Commons.CommonFunctions.Buttonclick(CommonFunctions.java:47)
at Pages.Facebooklogin.loginbutton(Facebooklogin.java:45)
at TestCase.FacebookLoginloutwithPOM.loginwithPageobjectModel(FacebookLoginloutwithPOM.java:41)
at java.base/java.util.ArrayList.forEach(ArrayList.java:1511)
at java.base/java.util.concurrent.FutureTask.run(FutureTask.java:264)
at java.base/java.util.concurrent.ThreadPoolExecutor.runWorker(ThreadPoolExecutor.java:1130)
at java.base/java.util.concurrent.ThreadPoolExecutor$Worker.run(ThreadPoolExecutor.java:630)
at java.base/java.lang.Thread.run(Thread.java:831)
... Removed 17 stack frames]]>
    </failure>
  </testcase> <!-- loginwithPageobjectModel -->
  <testcase classname="Drivers.BrowserDriver" name="@AfterTest teardown" time="0.0">
    <ignored/>
  </testcase> <!-- @AfterTest teardown -->
  <testcase classname="Drivers.BrowserDriver" name="@BeforeTest LaunchURL" time="0.0">
    <ignored/>
  </testcase> <!-- @BeforeTest LaunchURL -->
</testsuite> <!-- headless -->
